ItafMobileApp/build/outputs/logs/manifest-merger-debug-report.txt
-- Merging decision tree log ---
manifest
ADDED from freetong_mobile\ItafMobileApp\AndroidManifest.xml:2:1-564:12
	xmlns:tools
		ADDED from freetong_mobile\ItafMobileApp\AndroidManifest.xml:3:5-51
	xmlns:android
		ADDED from freetong_mobile\ItafMobileApp\AndroidManifest.xml:2:11-69
	package
		ADDED from freetong_mobile\ItafMobileApp\AndroidManifest.xml:4:5-30
	android:versionName
		ADDED from freetong_mobile\ItafMobileApp\AndroidManifest.xml:7:5-47
		INJECTED from freetong_mobile\ItafMobileApp\AndroidManifest.xml
		INJECTED from freetong_mobile\ItafMobileApp\AndroidManifest.xml
	android:versionCode
		ADDED from freetong_mobile\ItafMobileApp\AndroidManifest.xml:6:5-37
		INJECTED from freetong_mobile\ItafMobileApp\AndroidManifest.xml
		INJECTED from freetong_mobile\ItafMobileApp\AndroidManifest.xml
	android:installLocation
		ADDED from freetong_mobile\ItafMobileApp\AndroidManifest.xml:5:5-35
uses-sdk
ADDED from freetong_mobile\ItafMobileApp\AndroidManifest.xml:9:5-11:68
MERGED from [freetong_mobile:ItafMobileDs:unspecified] AndroidManifest.xml:7:5-9:41
MERGED from [freetong_mobile:ItafMobileCore:unspecified] AndroidManifest.xml:7:5-9:41
MERGED from [freetong_mobile:ItafMobileDto:unspecified] AndroidManifest.xml:7:5-9:41
MERGED from [freetong_mobile:ItafMobileCore:unspecified] AndroidManifest.xml:7:5-9:41
MERGED from [freetong_mobile:ItafMobileCore:unspecified] AndroidManifest.xml:7:5-9:41
MERGED from [freetong_mobile:ItafMobileDto:unspecified] AndroidManifest.xml:7:5-9:41
MERGED from [freetong_mobile:ItafMobileCore:unspecified] AndroidManifest.xml:7:5-9:41
	android:targetSdkVersion
		ADDED from freetong_mobile\ItafMobileApp\AndroidManifest.xml:11:9-38
	android:minSdkVersion
		ADDED from freetong_mobile\ItafMobileApp\AndroidManifest.xml:10:9-34
	android:maxSdkVersion
		ADDED from freetong_mobile\ItafMobileApp\AndroidManifest.xml:11:39-65
uses-permission#android.permission.VIBRATE
ADDED from freetong_mobile\ItafMobileApp\AndroidManifest.xml:14:5-66
	android:name
		ADDED from freetong_mobile\ItafMobileApp\AndroidManifest.xml:14:22-63
uses-permission#android.permission.GET_TASKS
ADDED from freetong_mobile\ItafMobileApp\AndroidManifest.xml:16:5-68
	android:name
		ADDED from freetong_mobile\ItafMobileApp\AndroidManifest.xml:16:22-65
uses-permission#android.permission.INTERNET
ADDED from freetong_mobile\ItafMobileApp\AndroidManifest.xml:18:5-67
	android:name
		ADDED from freetong_mobile\ItafMobileApp\AndroidManifest.xml:18:22-64
uses-permission#android.permission.ACCESS_WIFI_STATE
ADDED from freetong_mobile\ItafMobileApp\AndroidManifest.xml:20:5-76
	android:name
		ADDED from freetong_mobile\ItafMobileApp\AndroidManifest.xml:20:22-73
uses-permission#android.permission.WRITE_EXTERNAL_STORAGE
ADDED from freetong_mobile\ItafMobileApp\AndroidManifest.xml:22:5-81
	android:name
		ADDED from freetong_mobile\ItafMobileApp\AndroidManifest.xml:22:22-78
uses-permission#android.permission.READ_CALENDAR
ADDED from freetong_mobile\ItafMobileApp\AndroidManifest.xml:24:5-72
	android:name
		ADDED from freetong_mobile\ItafMobileApp\AndroidManifest.xml:24:22-69
uses-permission#android.permission.WRITE_CALENDAR
ADDED from freetong_mobile\ItafMobileApp\AndroidManifest.xml:26:5-73
	android:name
		ADDED from freetong_mobile\ItafMobileApp\AndroidManifest.xml:26:22-70
uses-permission#android.permission.READ_PHONE_STATE
ADDED from freetong_mobile\ItafMobileApp\AndroidManifest.xml:28:5-75
	android:name
		ADDED from freetong_mobile\ItafMobileApp\AndroidManifest.xml:28:22-72
uses-permission#android.permission.ACCESS_NETWORK_STATE
ADDED from freetong_mobile\ItafMobileApp\AndroidManifest.xml:30:5-79
	android:name
		ADDED from freetong_mobile\ItafMobileApp\AndroidManifest.xml:30:22-76
uses-permission#android.permission.ACCESS_FINE_LOCATION
ADDED from freetong_mobile\ItafMobileApp\AndroidManifest.xml:32:5-79
	android:name
		ADDED from freetong_mobile\ItafMobileApp\AndroidManifest.xml:32:22-76
uses-permission#android.permission.CHANGE_WIFI_STATE
ADDED from freetong_mobile\ItafMobileApp\AndroidManifest.xml:34:5-76
	android:name
		ADDED from freetong_mobile\ItafMobileApp\AndroidManifest.xml:34:22-73
permission#android.permission.BAIDU_LOCATION_SERVICE
ADDED from freetong_mobile\ItafMobileApp\AndroidManifest.xml:37:5-76
	android:name
		ADDED from freetong_mobile\ItafMobileApp\AndroidManifest.xml:37:17-73
uses-permission#android.permission.BAIDU_LOCATION_SERVICE
ADDED from freetong_mobile\ItafMobileApp\AndroidManifest.xml:39:5-81
	android:name
		ADDED from freetong_mobile\ItafMobileApp\AndroidManifest.xml:39:22-78
uses-permission#android.permission.CAMERA
ADDED from freetong_mobile\ItafMobileApp\AndroidManifest.xml:40:5-65
	android:name
		ADDED from freetong_mobile\ItafMobileApp\AndroidManifest.xml:40:22-62
uses-permission#android.permission.RECORD_AUDIO
ADDED from freetong_mobile\ItafMobileApp\AndroidManifest.xml:41:5-71
	android:name
		ADDED from freetong_mobile\ItafMobileApp\AndroidManifest.xml:41:22-68
uses-permission#android.permission.RECEIVE_BOOT_COMPLETED
ADDED from freetong_mobile\ItafMobileApp\AndroidManifest.xml:42:5-81
	android:name
		ADDED from freetong_mobile\ItafMobileApp\AndroidManifest.xml:42:22-78
uses-permission#android.permission.BROADCAST_STICKY
ADDED from freetong_mobile\ItafMobileApp\AndroidManifest.xml:43:5-75
	android:name
		ADDED from freetong_mobile\ItafMobileApp\AndroidManifest.xml:43:22-72
uses-permission#android.permission.WRITE_SETTINGS
ADDED from freetong_mobile\ItafMobileApp\AndroidManifest.xml:44:5-73
	android:name
		ADDED from freetong_mobile\ItafMobileApp\AndroidManifest.xml:44:22-70
uses-permission#android.permission.PROCESS_OUTGOING_CALLS
ADDED from freetong_mobile\ItafMobileApp\AndroidManifest.xml:46:5-81
	android:name
		ADDED from freetong_mobile\ItafMobileApp\AndroidManifest.xml:46:22-78
uses-permission#android.permission.MODIFY_AUDIO_SETTINGS
ADDED from freetong_mobile\ItafMobileApp\AndroidManifest.xml:47:5-80
	android:name
		ADDED from freetong_mobile\ItafMobileApp\AndroidManifest.xml:47:22-77
uses-permission#android.permission.GET_ACCOUNTS
ADDED from freetong_mobile\ItafMobileApp\AndroidManifest.xml:50:5-71
	android:name
		ADDED from freetong_mobile\ItafMobileApp\AndroidManifest.xml:50:22-68
uses-permission#android.permission.USE_CREDENTIALS
ADDED from freetong_mobile\ItafMobileApp\AndroidManifest.xml:52:5-74
	android:name
		ADDED from freetong_mobile\ItafMobileApp\AndroidManifest.xml:52:22-71
uses-permission#android.permission.MANAGE_ACCOUNTS
ADDED from freetong_mobile\ItafMobileApp\AndroidManifest.xml:54:5-74
	android:name
		ADDED from freetong_mobile\ItafMobileApp\AndroidManifest.xml:54:22-71
uses-permission#android.permission.AUTHENTICATE_ACCOUNTS
ADDED from freetong_mobile\ItafMobileApp\AndroidManifest.xml:56:5-80
	android:name
		ADDED from freetong_mobile\ItafMobileApp\AndroidManifest.xml:56:22-77
uses-permission#android.permission.ACCESS_COARSE_LOCATION
ADDED from freetong_mobile\ItafMobileApp\AndroidManifest.xml:59:5-81
	android:name
		ADDED from freetong_mobile\ItafMobileApp\AndroidManifest.xml:59:22-78
uses-permission#android.permission.ACCESS_MOCK_LOCATION
ADDED from freetong_mobile\ItafMobileApp\AndroidManifest.xml:61:5-79
	android:name
		ADDED from freetong_mobile\ItafMobileApp\AndroidManifest.xml:61:22-76
uses-permission#android.permission.WAKE_LOCK
ADDED from freetong_mobile\ItafMobileApp\AndroidManifest.xml:63:5-68
	android:name
		ADDED from freetong_mobile\ItafMobileApp\AndroidManifest.xml:63:22-65
uses-permission#android.permission.ACCESS_GPS
ADDED from freetong_mobile\ItafMobileApp\AndroidManifest.xml:65:5-69
	android:name
		ADDED from freetong_mobile\ItafMobileApp\AndroidManifest.xml:65:22-66
uses-permission#android.permission.READ_CONTACTS
ADDED from freetong_mobile\ItafMobileApp\AndroidManifest.xml:67:5-72
	android:name
		ADDED from freetong_mobile\ItafMobileApp\AndroidManifest.xml:67:22-69
uses-permission#android.permission.CALL_PHONE
ADDED from freetong_mobile\ItafMobileApp\AndroidManifest.xml:69:5-69
	android:name
		ADDED from freetong_mobile\ItafMobileApp\AndroidManifest.xml:69:22-66
uses-permission#android.permission.READ_SMS
ADDED from freetong_mobile\ItafMobileApp\AndroidManifest.xml:71:5-67
	android:name
		ADDED from freetong_mobile\ItafMobileApp\AndroidManifest.xml:71:22-64
uses-permission#android.permission.SEND_SMS
ADDED from freetong_mobile\ItafMobileApp\AndroidManifest.xml:73:5-67
	android:name
		ADDED from freetong_mobile\ItafMobileApp\AndroidManifest.xml:73:22-64
uses-permission#com.android.launcher.permission.READ_SETTINGS
ADDED from freetong_mobile\ItafMobileApp\AndroidManifest.xml:75:5-85
	android:name
		ADDED from freetong_mobile\ItafMobileApp\AndroidManifest.xml:75:22-82
uses-permission#com.android.launcher.permission.INSTALL_SHORTCUT
ADDED from freetong_mobile\ItafMobileApp\AndroidManifest.xml:76:5-88
	android:name
		ADDED from freetong_mobile\ItafMobileApp\AndroidManifest.xml:76:22-85
supports-screens
ADDED from freetong_mobile\ItafMobileApp\AndroidManifest.xml:78:5-83:39
	android:resizeable
		ADDED from freetong_mobile\ItafMobileApp\AndroidManifest.xml:82:9-34
	android:largeScreens
		ADDED from freetong_mobile\ItafMobileApp\AndroidManifest.xml:80:9-36
	android:anyDensity
		ADDED from freetong_mobile\ItafMobileApp\AndroidManifest.xml:79:9-34
	android:normalScreens
		ADDED from freetong_mobile\ItafMobileApp\AndroidManifest.xml:81:9-38
	android:smallScreens
		ADDED from freetong_mobile\ItafMobileApp\AndroidManifest.xml:83:9-36
application
ADDED from freetong_mobile\ItafMobileApp\AndroidManifest.xml:85:5-562:19
MERGED from [freetong_mobile:ItafMobileDs:unspecified] AndroidManifest.xml:11:5-23:19
MERGED from [freetong_mobile:ItafMobileCore:unspecified] AndroidManifest.xml:11:5-23:19
MERGED from [freetong_mobile:ItafMobileDto:unspecified] AndroidManifest.xml:11:5-23:19
MERGED from [freetong_mobile:ItafMobileCore:unspecified] AndroidManifest.xml:11:5-23:19
MERGED from [freetong_mobile:ItafMobileCore:unspecified] AndroidManifest.xml:11:5-23:19
MERGED from [freetong_mobile:ItafMobileDto:unspecified] AndroidManifest.xml:11:5-23:19
MERGED from [freetong_mobile:ItafMobileCore:unspecified] AndroidManifest.xml:11:5-23:19
	android:label
		ADDED from freetong_mobile\ItafMobileApp\AndroidManifest.xml:89:9-48
		REJECTED from [freetong_mobile:ItafMobileDs:unspecified] AndroidManifest.xml:13:9-41
		REJECTED from [freetong_mobile:ItafMobileCore:unspecified] AndroidManifest.xml:13:9-41
		REJECTED from [freetong_mobile:ItafMobileDto:unspecified] AndroidManifest.xml:13:9-41
		REJECTED from [freetong_mobile:ItafMobileCore:unspecified] AndroidManifest.xml:13:9-41
		REJECTED from [freetong_mobile:ItafMobileCore:unspecified] AndroidManifest.xml:13:9-41
		REJECTED from [freetong_mobile:ItafMobileDto:unspecified] AndroidManifest.xml:13:9-41
		REJECTED from [freetong_mobile:ItafMobileCore:unspecified] AndroidManifest.xml:13:9-41
	android:allowBackup
		ADDED from freetong_mobile\ItafMobileApp\AndroidManifest.xml:87:9-36
	android:icon
		ADDED from freetong_mobile\ItafMobileApp\AndroidManifest.xml:88:9-45
	tools:replace
		ADDED from freetong_mobile\ItafMobileApp\AndroidManifest.xml:89:49-78
	android:name
		ADDED from freetong_mobile\ItafMobileApp\AndroidManifest.xml:86:9-59
meta-data#com.baidu.lbsapi.API_KEY
ADDED from freetong_mobile\ItafMobileApp\AndroidManifest.xml:90:9-92:56
	android:name
		ADDED from freetong_mobile\ItafMobileApp\AndroidManifest.xml:91:13-52
	android:value
		ADDED from freetong_mobile\ItafMobileApp\AndroidManifest.xml:92:13-53
activity#itaf.mobile.app.AppStart
ADDED from freetong_mobile\ItafMobileApp\AndroidManifest.xml:94:9-102:20
	android:label
		ADDED from freetong_mobile\ItafMobileApp\AndroidManifest.xml:96:13-54
	android:name
		ADDED from freetong_mobile\ItafMobileApp\AndroidManifest.xml:95:13-52
intent-filter#android.intent.action.MAIN+android.intent.category.LAUNCHER
ADDED from freetong_mobile\ItafMobileApp\AndroidManifest.xml:97:13-101:29
action#android.intent.action.MAIN
ADDED from freetong_mobile\ItafMobileApp\AndroidManifest.xml:98:17-69
	android:name
		ADDED from freetong_mobile\ItafMobileApp\AndroidManifest.xml:98:25-66
category#android.intent.category.LAUNCHER
ADDED from freetong_mobile\ItafMobileApp\AndroidManifest.xml:100:17-77
	android:name
		ADDED from freetong_mobile\ItafMobileApp\AndroidManifest.xml:100:27-74
activity#itaf.mobile.app.ui.ApplyCertificate
ADDED from freetong_mobile\ItafMobileApp\AndroidManifest.xml:103:9-107:20
	android:screenOrientation
		ADDED from freetong_mobile\ItafMobileApp\AndroidManifest.xml:106:13-49
	android:configChanges
		ADDED from freetong_mobile\ItafMobileApp\AndroidManifest.xml:105:13-63
	android:name
		ADDED from freetong_mobile\ItafMobileApp\AndroidManifest.xml:104:13-63
activity#itaf.mobile.app.ui.ApplyDistCertificate
ADDED from freetong_mobile\ItafMobileApp\AndroidManifest.xml:108:9-112:20
	android:screenOrientation
		ADDED from freetong_mobile\ItafMobileApp\AndroidManifest.xml:111:13-49
	android:configChanges
		ADDED from freetong_mobile\ItafMobileApp\AndroidManifest.xml:110:13-63
	android:name
		ADDED from freetong_mobile\ItafMobileApp\AndroidManifest.xml:109:13-67
activity#itaf.mobile.app.ui.ApplyDistCertificateCheck
ADDED from freetong_mobile\ItafMobileApp\AndroidManifest.xml:113:9-117:20
	android:screenOrientation
		ADDED from freetong_mobile\ItafMobileApp\AndroidManifest.xml:116:13-49
	android:configChanges
		ADDED from freetong_mobile\ItafMobileApp\AndroidManifest.xml:115:13-63
	android:name
		ADDED from freetong_mobile\ItafMobileApp\AndroidManifest.xml:114:13-72
activity#itaf.mobile.app.ui.ApplyDistCertificateResult
ADDED from freetong_mobile\ItafMobileApp\AndroidManifest.xml:118:9-122:20
	android:screenOrientation
		ADDED from freetong_mobile\ItafMobileApp\AndroidManifest.xml:121:13-49
	android:configChanges
		ADDED from freetong_mobile\ItafMobileApp\AndroidManifest.xml:120:13-63
	android:name
		ADDED from freetong_mobile\ItafMobileApp\AndroidManifest.xml:119:13-73
activity#itaf.mobile.app.ui.ApplyRealnameCertificate
ADDED from freetong_mobile\ItafMobileApp\AndroidManifest.xml:123:9-127:20
	android:screenOrientation
		ADDED from freetong_mobile\ItafMobileApp\AndroidManifest.xml:126:13-49
	android:configChanges
		ADDED from freetong_mobile\ItafMobileApp\AndroidManifest.xml:125:13-63
	android:name
		ADDED from freetong_mobile\ItafMobileApp\AndroidManifest.xml:124:13-71
activity#itaf.mobile.app.ui.ApplyRealnameCertificateCheck
ADDED from freetong_mobile\ItafMobileApp\AndroidManifest.xml:128:9-132:20
	android:screenOrientation
		ADDED from freetong_mobile\ItafMobileApp\AndroidManifest.xml:131:13-49
	android:configChanges
		ADDED from freetong_mobile\ItafMobileApp\AndroidManifest.xml:130:13-63
	android:name
		ADDED from freetong_mobile\ItafMobileApp\AndroidManifest.xml:129:13-76
activity#itaf.mobile.app.ui.ApplyRealnameCertificateResult
ADDED from freetong_mobile\ItafMobileApp\AndroidManifest.xml:133:9-137:20
	android:screenOrientation
		ADDED from freetong_mobile\ItafMobileApp\AndroidManifest.xml:136:13-49
	android:configChanges
		ADDED from freetong_mobile\ItafMobileApp\AndroidManifest.xml:135:13-63
	android:name
		ADDED from freetong_mobile\ItafMobileApp\AndroidManifest.xml:134:13-77
activity#itaf.mobile.app.ui.ApplySellingCertificate
ADDED from freetong_mobile\ItafMobileApp\AndroidManifest.xml:138:9-142:20
	android:screenOrientation
		ADDED from freetong_mobile\ItafMobileApp\AndroidManifest.xml:141:13-49
	android:configChanges
		ADDED from freetong_mobile\ItafMobileApp\AndroidManifest.xml:140:13-63
	android:name
		ADDED from freetong_mobile\ItafMobileApp\AndroidManifest.xml:139:13-70
activity#itaf.mobile.app.ui.ApplySellingCertificateCheck
ADDED from freetong_mobile\ItafMobileApp\AndroidManifest.xml:143:9-147:20
	android:screenOrientation
		ADDED from freetong_mobile\ItafMobileApp\AndroidManifest.xml:146:13-49
	android:configChanges
		ADDED from freetong_mobile\ItafMobileApp\AndroidManifest.xml:145:13-63
	android:name
		ADDED from freetong_mobile\ItafMobileApp\AndroidManifest.xml:144:13-75
activity#itaf.mobile.app.ui.ApplySellingCertificateResult
ADDED from freetong_mobile\ItafMobileApp\AndroidManifest.xml:148:9-152:20
	android:screenOrientation
		ADDED from freetong_mobile\ItafMobileApp\AndroidManifest.xml:151:13-49
	android:configChanges
		ADDED from freetong_mobile\ItafMobileApp\AndroidManifest.xml:150:13-63
	android:name
		ADDED from freetong_mobile\ItafMobileApp\AndroidManifest.xml:149:13-76
activity#itaf.mobile.app.ui.AppMain
ADDED from freetong_mobile\ItafMobileApp\AndroidManifest.xml:153:9-158:20
	android:screenOrientation
		ADDED from freetong_mobile\ItafMobileApp\AndroidManifest.xml:157:13-49
	android:configChanges
		ADDED from freetong_mobile\ItafMobileApp\AndroidManifest.xml:155:13-63
	android:name
		ADDED from freetong_mobile\ItafMobileApp\AndroidManifest.xml:154:13-54
	android:launchMode
		ADDED from freetong_mobile\ItafMobileApp\AndroidManifest.xml:156:13-44
activity#itaf.mobile.app.ui.DistCollectionDetail
ADDED from freetong_mobile\ItafMobileApp\AndroidManifest.xml:159:9-163:20
	android:screenOrientation
		ADDED from freetong_mobile\ItafMobileApp\AndroidManifest.xml:162:13-49
	android:configChanges
		ADDED from freetong_mobile\ItafMobileApp\AndroidManifest.xml:161:13-63
	android:name
		ADDED from freetong_mobile\ItafMobileApp\AndroidManifest.xml:160:13-67
activity#itaf.mobile.app.ui.DistCollectionList
ADDED from freetong_mobile\ItafMobileApp\AndroidManifest.xml:164:9-168:20
	android:screenOrientation
		ADDED from freetong_mobile\ItafMobileApp\AndroidManifest.xml:167:13-49
	android:configChanges
		ADDED from freetong_mobile\ItafMobileApp\AndroidManifest.xml:166:13-63
	android:name
		ADDED from freetong_mobile\ItafMobileApp\AndroidManifest.xml:165:13-65
activity#itaf.mobile.app.ui.MerchantProcessRefundOrder
ADDED from freetong_mobile\ItafMobileApp\AndroidManifest.xml:169:9-173:20
	android:screenOrientation
		ADDED from freetong_mobile\ItafMobileApp\AndroidManifest.xml:172:13-49
	android:configChanges
		ADDED from freetong_mobile\ItafMobileApp\AndroidManifest.xml:171:13-63
	android:name
		ADDED from freetong_mobile\ItafMobileApp\AndroidManifest.xml:170:13-73
activity#itaf.mobile.app.ui.MerchantSelectDistList
ADDED from freetong_mobile\ItafMobileApp\AndroidManifest.xml:174:9-178:20
	android:screenOrientation
		ADDED from freetong_mobile\ItafMobileApp\AndroidManifest.xml:177:13-49
	android:configChanges
		ADDED from freetong_mobile\ItafMobileApp\AndroidManifest.xml:176:13-63
	android:name
		ADDED from freetong_mobile\ItafMobileApp\AndroidManifest.xml:175:13-69
activity#itaf.mobile.app.ui.MerchantSelectDistMap
ADDED from freetong_mobile\ItafMobileApp\AndroidManifest.xml:179:9-183:20
	android:screenOrientation
		ADDED from freetong_mobile\ItafMobileApp\AndroidManifest.xml:182:13-49
	android:configChanges
		ADDED from freetong_mobile\ItafMobileApp\AndroidManifest.xml:181:13-63
	android:name
		ADDED from freetong_mobile\ItafMobileApp\AndroidManifest.xml:180:13-68
activity#itaf.mobile.app.ui.DistOrderList
ADDED from freetong_mobile\ItafMobileApp\AndroidManifest.xml:184:9-188:20
	android:screenOrientation
		ADDED from freetong_mobile\ItafMobileApp\AndroidManifest.xml:187:13-49
	android:configChanges
		ADDED from freetong_mobile\ItafMobileApp\AndroidManifest.xml:186:13-63
	android:name
		ADDED from freetong_mobile\ItafMobileApp\AndroidManifest.xml:185:13-60
activity#itaf.mobile.app.ui.DistOrderMap
ADDED from freetong_mobile\ItafMobileApp\AndroidManifest.xml:189:9-193:20
	android:screenOrientation
		ADDED from freetong_mobile\ItafMobileApp\AndroidManifest.xml:192:13-49
	android:configChanges
		ADDED from freetong_mobile\ItafMobileApp\AndroidManifest.xml:191:13-63
	android:name
		ADDED from freetong_mobile\ItafMobileApp\AndroidManifest.xml:190:13-59
activity#itaf.mobile.app.ui.DistStatementPaid
ADDED from freetong_mobile\ItafMobileApp\AndroidManifest.xml:194:9-198:20
	android:screenOrientation
		ADDED from freetong_mobile\ItafMobileApp\AndroidManifest.xml:197:13-49
	android:configChanges
		ADDED from freetong_mobile\ItafMobileApp\AndroidManifest.xml:196:13-63
	android:name
		ADDED from freetong_mobile\ItafMobileApp\AndroidManifest.xml:195:13-64
activity#itaf.mobile.app.ui.DistStatement
ADDED from freetong_mobile\ItafMobileApp\AndroidManifest.xml:199:9-203:20
	android:screenOrientation
		ADDED from freetong_mobile\ItafMobileApp\AndroidManifest.xml:202:13-49
	android:configChanges
		ADDED from freetong_mobile\ItafMobileApp\AndroidManifest.xml:201:13-63
	android:name
		ADDED from freetong_mobile\ItafMobileApp\AndroidManifest.xml:200:13-60
activity#itaf.mobile.app.ui.DistStatementItem
ADDED from freetong_mobile\ItafMobileApp\AndroidManifest.xml:204:9-208:20
	android:screenOrientation
		ADDED from freetong_mobile\ItafMobileApp\AndroidManifest.xml:207:13-49
	android:configChanges
		ADDED from freetong_mobile\ItafMobileApp\AndroidManifest.xml:206:13-63
	android:name
		ADDED from freetong_mobile\ItafMobileApp\AndroidManifest.xml:205:13-64
activity#itaf.mobile.app.ui.DistTimeSelect
ADDED from freetong_mobile\ItafMobileApp\AndroidManifest.xml:209:9-213:20
	android:screenOrientation
		ADDED from freetong_mobile\ItafMobileApp\AndroidManifest.xml:212:13-49
	android:configChanges
		ADDED from freetong_mobile\ItafMobileApp\AndroidManifest.xml:211:13-63
	android:name
		ADDED from freetong_mobile\ItafMobileApp\AndroidManifest.xml:210:13-61
activity#itaf.mobile.app.ui.MenuAccount
ADDED from freetong_mobile\ItafMobileApp\AndroidManifest.xml:214:9-219:20
	android:screenOrientation
		ADDED from freetong_mobile\ItafMobileApp\AndroidManifest.xml:218:13-49
	android:configChanges
		ADDED from freetong_mobile\ItafMobileApp\AndroidManifest.xml:216:13-63
	android:name
		ADDED from freetong_mobile\ItafMobileApp\AndroidManifest.xml:215:13-58
	android:launchMode
		ADDED from freetong_mobile\ItafMobileApp\AndroidManifest.xml:217:13-44
activity#itaf.mobile.app.ui.MenuCart
ADDED from freetong_mobile\ItafMobileApp\AndroidManifest.xml:220:9-225:20
	android:screenOrientation
		ADDED from freetong_mobile\ItafMobileApp\AndroidManifest.xml:224:13-49
	android:configChanges
		ADDED from freetong_mobile\ItafMobileApp\AndroidManifest.xml:222:13-63
	android:name
		ADDED from freetong_mobile\ItafMobileApp\AndroidManifest.xml:221:13-55
	android:launchMode
		ADDED from freetong_mobile\ItafMobileApp\AndroidManifest.xml:223:13-44
activity#itaf.mobile.app.ui.MenuHome
ADDED from freetong_mobile\ItafMobileApp\AndroidManifest.xml:226:9-231:20
	android:screenOrientation
		ADDED from freetong_mobile\ItafMobileApp\AndroidManifest.xml:230:13-49
	android:configChanges
		ADDED from freetong_mobile\ItafMobileApp\AndroidManifest.xml:228:13-63
	android:name
		ADDED from freetong_mobile\ItafMobileApp\AndroidManifest.xml:227:13-55
	android:launchMode
		ADDED from freetong_mobile\ItafMobileApp\AndroidManifest.xml:229:13-44
activity#itaf.mobile.app.ui.MenuSide
ADDED from freetong_mobile\ItafMobileApp\AndroidManifest.xml:232:9-237:20
	android:screenOrientation
		ADDED from freetong_mobile\ItafMobileApp\AndroidManifest.xml:236:13-49
	android:configChanges
		ADDED from freetong_mobile\ItafMobileApp\AndroidManifest.xml:234:13-63
	android:name
		ADDED from freetong_mobile\ItafMobileApp\AndroidManifest.xml:233:13-55
	android:launchMode
		ADDED from freetong_mobile\ItafMobileApp\AndroidManifest.xml:235:13-44
activity#itaf.mobile.app.ui.MerchantDetail
ADDED from freetong_mobile\ItafMobileApp\AndroidManifest.xml:238:9-242:20
	android:screenOrientation
		ADDED from freetong_mobile\ItafMobileApp\AndroidManifest.xml:241:13-49
	android:configChanges
		ADDED from freetong_mobile\ItafMobileApp\AndroidManifest.xml:240:13-63
	android:name
		ADDED from freetong_mobile\ItafMobileApp\AndroidManifest.xml:239:13-61
activity#itaf.mobile.app.ui.MerchantDistStatement
ADDED from freetong_mobile\ItafMobileApp\AndroidManifest.xml:243:9-247:20
	android:screenOrientation
		ADDED from freetong_mobile\ItafMobileApp\AndroidManifest.xml:246:13-49
	android:configChanges
		ADDED from freetong_mobile\ItafMobileApp\AndroidManifest.xml:245:13-63
	android:name
		ADDED from freetong_mobile\ItafMobileApp\AndroidManifest.xml:244:13-68
activity#itaf.mobile.app.ui.MerchantDistStatementDetail
ADDED from freetong_mobile\ItafMobileApp\AndroidManifest.xml:248:9-252:20
	android:screenOrientation
		ADDED from freetong_mobile\ItafMobileApp\AndroidManifest.xml:251:13-49
	android:configChanges
		ADDED from freetong_mobile\ItafMobileApp\AndroidManifest.xml:250:13-63
	android:name
		ADDED from freetong_mobile\ItafMobileApp\AndroidManifest.xml:249:13-74
activity#itaf.mobile.app.ui.MerchantDistStatementItem
ADDED from freetong_mobile\ItafMobileApp\AndroidManifest.xml:253:9-257:20
	android:screenOrientation
		ADDED from freetong_mobile\ItafMobileApp\AndroidManifest.xml:256:13-49
	android:configChanges
		ADDED from freetong_mobile\ItafMobileApp\AndroidManifest.xml:255:13-63
	android:name
		ADDED from freetong_mobile\ItafMobileApp\AndroidManifest.xml:254:13-72
activity#itaf.mobile.app.ui.MerchantFavorite
ADDED from freetong_mobile\ItafMobileApp\AndroidManifest.xml:258:9-262:20
	android:screenOrientation
		ADDED from freetong_mobile\ItafMobileApp\AndroidManifest.xml:261:13-49
	android:configChanges
		ADDED from freetong_mobile\ItafMobileApp\AndroidManifest.xml:260:13-63
	android:name
		ADDED from freetong_mobile\ItafMobileApp\AndroidManifest.xml:259:13-63
activity#itaf.mobile.app.ui.MerchantInvoice
ADDED from freetong_mobile\ItafMobileApp\AndroidManifest.xml:263:9-267:20
	android:screenOrientation
		ADDED from freetong_mobile\ItafMobileApp\AndroidManifest.xml:266:13-49
	android:configChanges
		ADDED from freetong_mobile\ItafMobileApp\AndroidManifest.xml:265:13-63
	android:name
		ADDED from freetong_mobile\ItafMobileApp\AndroidManifest.xml:264:13-62
activity#itaf.mobile.app.ui.SearchMerchantResult
ADDED from freetong_mobile\ItafMobileApp\AndroidManifest.xml:268:9-272:20
	android:screenOrientation
		ADDED from freetong_mobile\ItafMobileApp\AndroidManifest.xml:271:13-49
	android:configChanges
		ADDED from freetong_mobile\ItafMobileApp\AndroidManifest.xml:270:13-63
	android:name
		ADDED from freetong_mobile\ItafMobileApp\AndroidManifest.xml:269:13-67
activity#itaf.mobile.app.ui.MerchantMap
ADDED from freetong_mobile\ItafMobileApp\AndroidManifest.xml:273:9-277:20
	android:screenOrientation
		ADDED from freetong_mobile\ItafMobileApp\AndroidManifest.xml:276:13-49
	android:configChanges
		ADDED from freetong_mobile\ItafMobileApp\AndroidManifest.xml:275:13-63
	android:name
		ADDED from freetong_mobile\ItafMobileApp\AndroidManifest.xml:274:13-58
activity#itaf.mobile.app.ui.MerchantStockOrder
ADDED from freetong_mobile\ItafMobileApp\AndroidManifest.xml:278:9-282:20
	android:screenOrientation
		ADDED from freetong_mobile\ItafMobileApp\AndroidManifest.xml:281:13-49
	android:configChanges
		ADDED from freetong_mobile\ItafMobileApp\AndroidManifest.xml:280:13-63
	android:name
		ADDED from freetong_mobile\ItafMobileApp\AndroidManifest.xml:279:13-65
activity#itaf.mobile.app.ui.MerchantStockAndInvoice
ADDED from freetong_mobile\ItafMobileApp\AndroidManifest.xml:283:9-287:20
	android:screenOrientation
		ADDED from freetong_mobile\ItafMobileApp\AndroidManifest.xml:286:13-49
	android:configChanges
		ADDED from freetong_mobile\ItafMobileApp\AndroidManifest.xml:285:13-63
	android:name
		ADDED from freetong_mobile\ItafMobileApp\AndroidManifest.xml:284:13-70
activity#itaf.mobile.app.ui.OrderCreate
ADDED from freetong_mobile\ItafMobileApp\AndroidManifest.xml:288:9-292:20
	android:screenOrientation
		ADDED from freetong_mobile\ItafMobileApp\AndroidManifest.xml:291:13-49
	android:configChanges
		ADDED from freetong_mobile\ItafMobileApp\AndroidManifest.xml:290:13-63
	android:name
		ADDED from freetong_mobile\ItafMobileApp\AndroidManifest.xml:289:13-58
activity#itaf.mobile.app.ui.OrderDetail
ADDED from freetong_mobile\ItafMobileApp\AndroidManifest.xml:293:9-297:20
	android:screenOrientation
		ADDED from freetong_mobile\ItafMobileApp\AndroidManifest.xml:296:13-49
	android:configChanges
		ADDED from freetong_mobile\ItafMobileApp\AndroidManifest.xml:295:13-63
	android:name
		ADDED from freetong_mobile\ItafMobileApp\AndroidManifest.xml:294:13-58
activity#itaf.mobile.app.ui.OrderEvaluation
ADDED from freetong_mobile\ItafMobileApp\AndroidManifest.xml:298:9-302:20
	android:screenOrientation
		ADDED from freetong_mobile\ItafMobileApp\AndroidManifest.xml:301:13-49
	android:configChanges
		ADDED from freetong_mobile\ItafMobileApp\AndroidManifest.xml:300:13-63
	android:name
		ADDED from freetong_mobile\ItafMobileApp\AndroidManifest.xml:299:13-62
activity#itaf.mobile.app.ui.OrderList
ADDED from freetong_mobile\ItafMobileApp\AndroidManifest.xml:303:9-307:20
	android:screenOrientation
		ADDED from freetong_mobile\ItafMobileApp\AndroidManifest.xml:306:13-49
	android:configChanges
		ADDED from freetong_mobile\ItafMobileApp\AndroidManifest.xml:305:13-63
	android:name
		ADDED from freetong_mobile\ItafMobileApp\AndroidManifest.xml:304:13-56
activity#itaf.mobile.app.ui.OrderAlipay
ADDED from freetong_mobile\ItafMobileApp\AndroidManifest.xml:308:9-312:20
	android:screenOrientation
		ADDED from freetong_mobile\ItafMobileApp\AndroidManifest.xml:311:13-49
	android:configChanges
		ADDED from freetong_mobile\ItafMobileApp\AndroidManifest.xml:310:13-63
	android:name
		ADDED from freetong_mobile\ItafMobileApp\AndroidManifest.xml:309:13-58
activity#itaf.mobile.app.ui.OrderWaitDelivery
ADDED from freetong_mobile\ItafMobileApp\AndroidManifest.xml:313:9-317:20
	android:screenOrientation
		ADDED from freetong_mobile\ItafMobileApp\AndroidManifest.xml:316:13-49
	android:configChanges
		ADDED from freetong_mobile\ItafMobileApp\AndroidManifest.xml:315:13-63
	android:name
		ADDED from freetong_mobile\ItafMobileApp\AndroidManifest.xml:314:13-64
activity#itaf.mobile.app.ui.OrderWaitEvaluation
ADDED from freetong_mobile\ItafMobileApp\AndroidManifest.xml:318:9-322:20
	android:screenOrientation
		ADDED from freetong_mobile\ItafMobileApp\AndroidManifest.xml:321:13-49
	android:configChanges